<?xml version="1.0" encoding="UTF-8"?>
<!-- Generated by org.testng.reporters.JUnitReportReporter -->
<testsuite hostname="SarthakDell" failures="0" tests="4" name="com.sauceDemo.TestCases.InvalidLoginTest" time="16.171" errors="0" timestamp="11 May 2024 15:25:51 GMT" skipped="0">
  <testcase classname="com.sauceDemo.TestCases.InvalidLoginTest" name="invalidPasswordLogin" time="2.621"/>
  <testcase classname="com.sauceDemo.TestCases.InvalidLoginTest" name="invalidBlankPasswordLogin" time="4.572"/>
  <testcase classname="com.sauceDemo.TestCases.InvalidLoginTest" name="invalidBlankUsernameLogin" time="4.680"/>
  <testcase classname="com.sauceDemo.TestCases.InvalidLoginTest" name="invalidBlankUsernameAndPasswordLogin" time="4.298"/>
</testsuite> <!-- com.sauceDemo.TestCases.InvalidLoginTest -->
