<?xml version="1.0" encoding="UTF-8"?>
<!-- Generated by org.testng.reporters.JUnitReportReporter -->
<testsuite hostname="SarthakDell" failures="0" tests="10" name="com.sauceDemo.jenkins.LoginTest" time="55.207" errors="0" timestamp="2024-05-11T11:17:16 EDT" skipped="0">
  <testcase classname="com.sauceDemo.jenkins.LoginTest" name="validLoginWithFirstUsername" time="5.306"/>
  <testcase classname="com.sauceDemo.jenkins.LoginTest" name="validLoginWithSecondUsername" time="5.106"/>
  <testcase classname="com.sauceDemo.jenkins.LoginTest" name="validLoginWithThirdUsername" time="5.323"/>
  <testcase classname="com.sauceDemo.jenkins.LoginTest" name="validLoginWithFourthUsername" time="9.247"/>
  <testcase classname="com.sauceDemo.jenkins.LoginTest" name="validLoginWithFifthUsername" time="4.844"/>
  <testcase classname="com.sauceDemo.jenkins.LoginTest" name="validLoginWithSixthUsername" time="6.681"/>
  <testcase classname="com.sauceDemo.jenkins.LoginTest" name="invalidPasswordLogin" time="4.594"/>
  <testcase classname="com.sauceDemo.jenkins.LoginTest" name="invalidBlankPasswordLogin" time="4.641"/>
  <testcase classname="com.sauceDemo.jenkins.LoginTest" name="invalidBlankUsernameLogin" time="4.858"/>
  <testcase classname="com.sauceDemo.jenkins.LoginTest" name="invalidBlankUsernameAndPasswordLogin" time="4.607"/>
</testsuite> <!-- com.sauceDemo.jenkins.LoginTest -->
