<?xml version="1.0" encoding="UTF-8"?>
<!-- Generated by org.testng.reporters.JUnitReportReporter -->
<testsuite hostname="SarthakDell" failures="0" tests="6" name="com.sauceDemo.TestCases.ValidLoginTest" time="35.738" errors="0" timestamp="11 May 2024 15:25:51 GMT" skipped="0">
  <testcase classname="com.sauceDemo.TestCases.ValidLoginTest" name="validLoginWithFirstUsername" time="5.155"/>
  <testcase classname="com.sauceDemo.TestCases.ValidLoginTest" name="validLoginWithSecondUsername" time="4.772"/>
  <testcase classname="com.sauceDemo.TestCases.ValidLoginTest" name="validLoginWithThirdUsername" time="5.555"/>
  <testcase classname="com.sauceDemo.TestCases.ValidLoginTest" name="validLoginWithFourthUsername" time="9.033"/>
  <testcase classname="com.sauceDemo.TestCases.ValidLoginTest" name="validLoginWithFifthUsername" time="5.131"/>
  <testcase classname="com.sauceDemo.TestCases.ValidLoginTest" name="validLoginWithSixthUsername" time="6.092"/>
</testsuite> <!-- com.sauceDemo.TestCases.ValidLoginTest -->
